[2016-11-24 14:20:47.562] [ERROR] http - ::1 - - "GET / HTTP/1.1" 500 3489 "" "Mozilla/5.0 (Windows NT 10.0; Win64; x64) AppleWebKit/537.36 (KHTML, like Gecko) Chrome/54.0.2840.99 Safari/537.36"
[2016-11-24 14:31:25.627] [ERROR] http - ::1 - - "GET /users/stylesheets/bootstrap-responsive.css HTTP/1.1" 404 3372 "http://localhost:3000/users/zmk" "Mozilla/5.0 (Windows NT 10.0; Win64; x64) AppleWebKit/537.36 (KHTML, like Gecko) Chrome/54.0.2840.99 Safari/537.36"
[2016-11-24 14:43:27.014] [ERROR] http - ::1 - - "GET / HTTP/1.1" 500 3425 "" "Mozilla/5.0 (Windows NT 10.0; Win64; x64) AppleWebKit/537.36 (KHTML, like Gecko) Chrome/54.0.2840.99 Safari/537.36"
[2016-11-24 15:56:29.403] [ERROR] http - ::1 - - "GET /users/stylesheets/bootstrap-responsive.css HTTP/1.1" 404 3355 "http://localhost:3000/users/zmk" "Mozilla/5.0 (Windows NT 10.0; Win64; x64) AppleWebKit/537.36 (KHTML, like Gecko) Chrome/54.0.2840.99 Safari/537.36"
[2016-11-24 15:56:54.203] [ERROR] http - ::1 - - "GET /users/stylesheets/bootstrap-responsive.css HTTP/1.1" 404 3355 "http://localhost:3000/users/zmk" "Mozilla/5.0 (Windows NT 10.0; Win64; x64) AppleWebKit/537.36 (KHTML, like Gecko) Chrome/54.0.2840.99 Safari/537.36"
[2016-11-24 15:57:18.531] [ERROR] http - ::1 - - "GET /users/stylesheets/bootstrap-responsive.css HTTP/1.1" 404 3355 "http://localhost:3000/users/zmk" "Mozilla/5.0 (Windows NT 10.0; Win64; x64) AppleWebKit/537.36 (KHTML, like Gecko) Chrome/54.0.2840.99 Safari/537.36"
[2016-11-24 15:57:39.401] [ERROR] http - ::1 - - "GET /users/stylesheets/bootstrap-responsive.css HTTP/1.1" 404 3355 "http://localhost:3000/users/zmk" "Mozilla/5.0 (Windows NT 10.0; Win64; x64) AppleWebKit/537.36 (KHTML, like Gecko) Chrome/54.0.2840.99 Safari/537.36"
[2016-11-24 15:57:58.815] [ERROR] http - ::1 - - "GET /users/stylesheets/bootstrap-responsive.css HTTP/1.1" 404 3355 "http://localhost:3000/users/zmk" "Mozilla/5.0 (Windows NT 10.0; Win64; x64) AppleWebKit/537.36 (KHTML, like Gecko) Chrome/54.0.2840.99 Safari/537.36"
[2016-11-24 15:58:04.646] [ERROR] http - ::1 - - "GET /users/stylesheets/bootstrap-responsive.css HTTP/1.1" 404 3355 "http://localhost:3000/users/zmk" "Mozilla/5.0 (Windows NT 10.0; Win64; x64) AppleWebKit/537.36 (KHTML, like Gecko) Chrome/54.0.2840.99 Safari/537.36"
[2016-11-24 16:05:48.247] [ERROR] http - ::1 - - "GET /users/stylesheets/bootstrap-responsive.css HTTP/1.1" 404 3355 "http://localhost:3000/users/zmk" "Mozilla/5.0 (Windows NT 10.0; Win64; x64) AppleWebKit/537.36 (KHTML, like Gecko) Chrome/54.0.2840.99 Safari/537.36"
[2016-11-24 16:07:00.554] [ERROR] http - ::1 - - "GET /users/stylesheets/bootstrap-responsive.css HTTP/1.1" 404 3355 "http://localhost:3000/users/zmk" "Mozilla/5.0 (Windows NT 10.0; Win64; x64) AppleWebKit/537.36 (KHTML, like Gecko) Chrome/54.0.2840.99 Safari/537.36"
[2016-11-24 16:07:05.309] [ERROR] http - ::1 - - "GET /users/stylesheets/bootstrap-responsive.css HTTP/1.1" 404 3355 "http://localhost:3000/users/zmk" "Mozilla/5.0 (Windows NT 10.0; Win64; x64) AppleWebKit/537.36 (KHTML, like Gecko) Chrome/54.0.2840.99 Safari/537.36"
[2016-11-24 16:11:07.641] [ERROR] http - ::1 - - "GET /users/stylesheets/bootstrap-responsive.css HTTP/1.1" 404 3355 "http://localhost:3000/users/zmk" "Mozilla/5.0 (Windows NT 10.0; Win64; x64) AppleWebKit/537.36 (KHTML, like Gecko) Chrome/54.0.2840.99 Safari/537.36"
[2016-11-24 16:11:35.775] [ERROR] http - ::1 - - "GET /users/stylesheets/bootstrap-responsive.css HTTP/1.1" 404 3355 "http://localhost:3000/users/zmk" "Mozilla/5.0 (Windows NT 10.0; Win64; x64) AppleWebKit/537.36 (KHTML, like Gecko) Chrome/54.0.2840.99 Safari/537.36"
[2016-11-24 16:20:34.761] [ERROR] http - ::1 - - "GET /users/stylesheets/bootstrap-responsive.css HTTP/1.1" 404 3372 "http://localhost:3000/users/zmk" "Mozilla/5.0 (Windows NT 10.0; Win64; x64) AppleWebKit/537.36 (KHTML, like Gecko) Chrome/54.0.2840.99 Safari/537.36"
[2016-11-24 16:20:50.355] [ERROR] http - ::1 - - "GET /users/stylesheets/bootstrap-responsive.css HTTP/1.1" 404 3372 "http://localhost:3000/users/zmk" "Mozilla/5.0 (Windows NT 10.0; Win64; x64) AppleWebKit/537.36 (KHTML, like Gecko) Chrome/54.0.2840.99 Safari/537.36"
[2016-11-24 16:22:06.525] [ERROR] http - ::1 - - "GET /users/stylesheets/bootstrap-responsive.css HTTP/1.1" 404 3355 "http://localhost:3000/users/zmk" "Mozilla/5.0 (Windows NT 10.0; Win64; x64) AppleWebKit/537.36 (KHTML, like Gecko) Chrome/54.0.2840.99 Safari/537.36"
[2016-11-24 16:22:18.236] [ERROR] http - ::1 - - "GET /users/stylesheets/bootstrap-responsive.css HTTP/1.1" 404 3355 "http://localhost:3000/users/zmk" "Mozilla/5.0 (Windows NT 10.0; Win64; x64) AppleWebKit/537.36 (KHTML, like Gecko) Chrome/54.0.2840.99 Safari/537.36"
[2016-11-24 16:51:44.575] [ERROR] http - ::1 - - "GET / HTTP/1.1" 500 2549 "http://localhost:3000/login" "Mozilla/5.0 (Windows NT 10.0; Win64; x64) AppleWebKit/537.36 (KHTML, like Gecko) Chrome/54.0.2840.99 Safari/537.36"
[2016-11-24 16:52:15.168] [ERROR] http - ::1 - - "GET / HTTP/1.1" 500 2528 "http://localhost:3000/login" "Mozilla/5.0 (Windows NT 10.0; Win64; x64) AppleWebKit/537.36 (KHTML, like Gecko) Chrome/54.0.2840.99 Safari/537.36"
[2016-11-24 16:53:30.600] [ERROR] http - ::1 - - "GET / HTTP/1.1" 500 2509 "http://localhost:3000/login" "Mozilla/5.0 (Windows NT 10.0; Win64; x64) AppleWebKit/537.36 (KHTML, like Gecko) Chrome/54.0.2840.99 Safari/537.36"
[2016-11-24 17:02:45.800] [ERROR] http - ::1 - - "POST /login HTTP/1.1" 500 3604 "http://localhost:3000/login" "Mozilla/5.0 (Windows NT 10.0; Win64; x64) AppleWebKit/537.36 (KHTML, like Gecko) Chrome/54.0.2840.99 Safari/537.36"
[2016-11-24 17:05:29.402] [ERROR] http - ::1 - - "POST /login HTTP/1.1" 500 3604 "http://localhost:3000/login" "Mozilla/5.0 (Windows NT 10.0; Win64; x64) AppleWebKit/537.36 (KHTML, like Gecko) Chrome/54.0.2840.99 Safari/537.36"
[2016-11-24 17:05:45.584] [ERROR] http - ::1 - - "POST /login HTTP/1.1" 500 3604 "http://localhost:3000/login" "Mozilla/5.0 (Windows NT 10.0; Win64; x64) AppleWebKit/537.36 (KHTML, like Gecko) Chrome/54.0.2840.99 Safari/537.36"
[2016-11-24 17:05:57.983] [ERROR] http - ::1 - - "POST /login HTTP/1.1" 500 3604 "http://localhost:3000/login" "Mozilla/5.0 (Windows NT 10.0; Win64; x64) AppleWebKit/537.36 (KHTML, like Gecko) Chrome/54.0.2840.99 Safari/537.36"
[2016-11-24 17:16:47.426] [ERROR] http - ::1 - - "GET /login HTTP/1.1" 500 3492 "http://localhost:3000/" "Mozilla/5.0 (Windows NT 10.0; Win64; x64) AppleWebKit/537.36 (KHTML, like Gecko) Chrome/54.0.2840.99 Safari/537.36"
[2016-11-24 17:17:08.012] [ERROR] http - ::1 - - "GET /login HTTP/1.1" 500 3492 "http://localhost:3000/" "Mozilla/5.0 (Windows NT 10.0; Win64; x64) AppleWebKit/537.36 (KHTML, like Gecko) Chrome/54.0.2840.99 Safari/537.36"
[2016-11-24 17:18:45.838] [ERROR] http - ::1 - - "GET /login HTTP/1.1" 500 3492 "http://localhost:3000/" "Mozilla/5.0 (Windows NT 10.0; Win64; x64) AppleWebKit/537.36 (KHTML, like Gecko) Chrome/54.0.2840.99 Safari/537.36"
[2016-11-24 17:19:37.601] [ERROR] http - ::1 - - "GET /login HTTP/1.1" 500 3492 "http://localhost:3000/" "Mozilla/5.0 (Windows NT 10.0; Win64; x64) AppleWebKit/537.36 (KHTML, like Gecko) Chrome/54.0.2840.99 Safari/537.36"
[2016-11-24 17:19:54.563] [ERROR] http - ::1 - - "GET /login HTTP/1.1" 500 3492 "http://localhost:3000/" "Mozilla/5.0 (Windows NT 10.0; Win64; x64) AppleWebKit/537.36 (KHTML, like Gecko) Chrome/54.0.2840.99 Safari/537.36"
[2016-11-24 17:35:13.451] [ERROR] http - ::1 - - "GET /login HTTP/1.1" 500 3546 "http://localhost:3000/" "Mozilla/5.0 (Windows NT 10.0; Win64; x64) AppleWebKit/537.36 (KHTML, like Gecko) Chrome/54.0.2840.99 Safari/537.36"
